<?xml version="1.0" encoding="UTF-8"?>
<!-- Generated by org.testng.reporters.JUnitXMLReporter -->
<testsuite ignored="0" hostname="DESKTOP-3J9G4CH" failures="2" tests="7" name="UserStory" time="84.385" errors="0" timestamp="2026-06-09T22:24:43 IST">
  <testcase classname="tests.FunctionalTests" name="OpenSiteAndLogin" time="10.642"/>
  <testcase classname="tests.FunctionalTests" name="OpenSiteAndLogin" time="9.332">
    <skipped/>
  </testcase> <!-- OpenSiteAndLogin -->
  <testcase classname="tests.FunctionalTests" name="OpenSiteAndLogin" time="8.441"/>
  <testcase classname="tests.FunctionalTests" name="VerifyOrderHistory" time="2.365">
    <skipped/>
  </testcase> <!-- VerifyOrderHistory -->
  <testcase classname="tests.FunctionalTests" name="VerifyOrderHistory" time="1.489">
    <failure type="java.lang.AssertionError" message="expected [true] but found [false]">
      <![CDATA[java.lang.AssertionError: expected [true] but found [false]
at tests.FunctionalTests.VerifyOrderHistory(FunctionalTests.java:52)
at java.base/java.util.ArrayList.forEach(ArrayList.java:1596)
at java.base/java.util.concurrent.FutureTask.run(FutureTask.java:317)
at java.base/java.util.concurrent.ThreadPoolExecutor.runWorker(ThreadPoolExecutor.java:1144)
at java.base/java.util.concurrent.ThreadPoolExecutor$Worker.run(ThreadPoolExecutor.java:642)
at java.base/java.lang.Thread.run(Thread.java:1583)
... Removed 19 stack frames]]>
    </failure>
  </testcase> <!-- VerifyOrderHistory -->
  <testcase classname="tests.FunctionalTests" name="VerifyOrderHistory" time="1.629">
    <skipped/>
  </testcase> <!-- VerifyOrderHistory -->
  <testcase classname="tests.FunctionalTests" name="VerifyOrderHistory" time="1.756">
    <failure type="java.lang.AssertionError" message="expected [true] but found [false]">
      <![CDATA[java.lang.AssertionError: expected [true] but found [false]
at tests.FunctionalTests.VerifyOrderHistory(FunctionalTests.java:52)
at java.base/java.util.ArrayList.forEach(ArrayList.java:1596)
at java.base/java.util.concurrent.FutureTask.run(FutureTask.java:317)
at java.base/java.util.concurrent.ThreadPoolExecutor.runWorker(ThreadPoolExecutor.java:1144)
at java.base/java.util.concurrent.ThreadPoolExecutor$Worker.run(ThreadPoolExecutor.java:642)
at java.base/java.lang.Thread.run(Thread.java:1583)
... Removed 19 stack frames]]>
    </failure>
  </testcase> <!-- VerifyOrderHistory -->
</testsuite> <!-- UserStory -->
