<?xml version="1.0" encoding="UTF-8"?>
<!-- Generated by org.testng.reporters.JUnitXMLReporter -->
<testsuite ignored="0" hostname="DESKTOP-3J9G4CH" failures="0" tests="5" name="Validations" time="58.791" errors="0" timestamp="2026-06-09T22:24:19 IST">
  <testcase classname="tests.ErrorValidation" name="InvalidLogin" time="2.648"/>
  <testcase classname="tests.ErrorValidation" name="InvalidLogin" time="1.682"/>
  <testcase classname="tests.ErrorValidation" name="ProductsCheck" time="7.261"/>
  <testcase classname="tests.ErrorValidation" name="ProductsCheck" time="7.018">
    <skipped/>
  </testcase> <!-- ProductsCheck -->
  <testcase classname="tests.ErrorValidation" name="ProductsCheck" time="5.163"/>
</testsuite> <!-- Validations -->
