<?xml version="1.0" encoding="UTF-8"?>
<!-- Generated by org.testng.reporters.JUnitXMLReporter -->
<testsuite ignored="0" hostname="DESKTOP-3J9G4CH" failures="0" tests="4" name="Validations" time="288.51" errors="0" timestamp="2026-09-18T21:27:57 IST">
  <testcase classname="tests.ErrorValidation" name="InvalidLogin" time="0.0">
    <skipped/>
  </testcase> <!-- InvalidLogin -->
  <testcase classname="tests.ErrorValidation" name="InvalidLogin" time="0.0">
    <skipped/>
  </testcase> <!-- InvalidLogin -->
  <testcase classname="tests.ErrorValidation" name="ProductsCheck" time="0.002">
    <skipped/>
  </testcase> <!-- ProductsCheck -->
  <testcase classname="tests.ErrorValidation" name="ProductsCheck" time="0.0">
    <skipped/>
  </testcase> <!-- ProductsCheck -->
</testsuite> <!-- Validations -->
