<?xml version="1.0" encoding="UTF-8"?>
<!-- Generated by org.testng.reporters.JUnitXMLReporter -->
<testsuite ignored="0" hostname="DESKTOP-3J9G4CH" failures="2" tests="5" name="UserStory Edge" time="197.203" errors="0" timestamp="2026-09-23T20:19:55 IST">
  <testcase classname="tests.FunctionalTests" name="OpenSiteAndLogin" time="25.858">
    <skipped/>
  </testcase> <!-- OpenSiteAndLogin -->
  <testcase classname="tests.FunctionalTests" name="OpenSiteAndLogin" time="28.775">
    <failure type="org.openqa.selenium.ElementClickInterceptedException" message="element click intercepted: Element &amp;lt;a _ngcontent-kng-c40=&amp;quot;&amp;quot; class=&amp;quot;btnn action__submit ng-star-inserted&amp;quot;&amp;gt;...&amp;lt;/a&amp;gt; is not clickable at point (640, 227). Other element would receive the click: &amp;lt;div _ngcontent-kng-c37=&amp;quot;&amp;quot; class=&amp;quot;ta-backdrop&amp;quot;&amp;gt;&amp;lt;/div&amp;gt;
  (Session info: MicrosoftEdge=152.0.4191.66)
Build info: version: &amp;apos;4.40.0&amp;apos;, revision: &amp;apos;b3333f1&amp;apos;
System info: os.name: &amp;apos;Windows 11&amp;apos;, os.arch: &amp;apos;amd64&amp;apos;, os.version: &amp;apos;10.0&amp;apos;, java.version: &amp;apos;21.0.8&amp;apos;
Driver info: org.openqa.selenium.remote.RemoteWebDriver
Command: [87c1ccb8b576601fc5790d0ac5f176f4, clickElement {id=f.CCB87B58C31DD467169A4EA098E8929E.d.3A1CDBE422A96DD0CCF1DADC86A8734A.e.145}]
Capabilities {acceptInsecureCerts: false, browserName: MicrosoftEdge, browserVersion: 152.0.4191.66, fedcm:accounts: true, goog:processID: 527, ms:edgeOptions: {debuggerAddress: localhost:37405}, msedge: {msedgedriverVersion: 152.0.4191.66 (cc2931e6363a..., userDataDir: /tmp/com.microsoft.Edge.sco...}, networkConnectionEnabled: false, pageLoadStrategy: normal, platformName: linux, proxy: Proxy(), se:bidiEnabled: false, se:cdp: ws://172.19.0.4:4444/sessio..., se:cdpVersion: 152.0.4191.66, se:containerName: 7b70b33f98c6, se:deleteSessionOnUi: true, se:downloadsEnabled: true, se:noVncPort: 7900, se:vnc: ws://172.19.0.4:4444/sessio..., se:vncEnabled: true, se:vncLocalAddress: ws://172.19.0.4:7900, setWindowRect: true, strictFileInteractability: false, timeouts: {implicit: 0, pageLoad: 300000, script: 30000}, unhandledPromptBehavior: dismiss and notify, webauthn:extension:credBlob: true, webauthn:extension:largeBlob: true, webauthn:extension:minPinLength: true, webauthn:extension:prf: true, webauthn:virtualAuthenticators: true}
Element: [[RemoteWebDriver: MicrosoftEdge on linux (87c1ccb8b576601fc5790d0ac5f176f4)] -&amp;gt; xpath: //a[text()=&amp;apos;Place Order &amp;apos;]]
Session ID: 87c1ccb8b576601fc5790d0ac5f176f4">
      <![CDATA[org.openqa.selenium.ElementClickInterceptedException: element click intercepted: Element <a _ngcontent-kng-c40="" class="btnn action__submit ng-star-inserted">...</a> is not clickable at point (640, 227). Other element would receive the click: <div _ngcontent-kng-c37="" class="ta-backdrop"></div>
  (Session info: MicrosoftEdge=152.0.4191.66)
Build info: version: '4.40.0', revision: 'b3333f1'
System info: os.name: 'Windows 11', os.arch: 'amd64', os.version: '10.0', java.version: '21.0.8'
Driver info: org.openqa.selenium.remote.RemoteWebDriver
Command: [87c1ccb8b576601fc5790d0ac5f176f4, clickElement {id=f.CCB87B58C31DD467169A4EA098E8929E.d.3A1CDBE422A96DD0CCF1DADC86A8734A.e.145}]
Capabilities {acceptInsecureCerts: false, browserName: MicrosoftEdge, browserVersion: 152.0.4191.66, fedcm:accounts: true, goog:processID: 527, ms:edgeOptions: {debuggerAddress: localhost:37405}, msedge: {msedgedriverVersion: 152.0.4191.66 (cc2931e6363a..., userDataDir: /tmp/com.microsoft.Edge.sco...}, networkConnectionEnabled: false, pageLoadStrategy: normal, platformName: linux, proxy: Proxy(), se:bidiEnabled: false, se:cdp: ws://172.19.0.4:4444/sessio..., se:cdpVersion: 152.0.4191.66, se:containerName: 7b70b33f98c6, se:deleteSessionOnUi: true, se:downloadsEnabled: true, se:noVncPort: 7900, se:vnc: ws://172.19.0.4:4444/sessio..., se:vncEnabled: true, se:vncLocalAddress: ws://172.19.0.4:7900, setWindowRect: true, strictFileInteractability: false, timeouts: {implicit: 0, pageLoad: 300000, script: 30000}, unhandledPromptBehavior: dismiss and notify, webauthn:extension:credBlob: true, webauthn:extension:largeBlob: true, webauthn:extension:minPinLength: true, webauthn:extension:prf: true, webauthn:virtualAuthenticators: true}
Element: [[RemoteWebDriver: MicrosoftEdge on linux (87c1ccb8b576601fc5790d0ac5f176f4)] -> xpath: //a[text()='Place Order ']]
Session ID: 87c1ccb8b576601fc5790d0ac5f176f4
at org.openqa.selenium.remote.ErrorCodec.decode(ErrorCodec.java:169)
at org.openqa.selenium.remote.codec.w3c.W3CHttpResponseCodec.decode(W3CHttpResponseCodec.java:142)
at org.openqa.selenium.remote.codec.w3c.W3CHttpResponseCodec.decode(W3CHttpResponseCodec.java:49)
at org.openqa.selenium.remote.HttpCommandExecutor.execute(HttpCommandExecutor.java:223)
at org.openqa.selenium.remote.TracedCommandExecutor.execute(TracedCommandExecutor.java:53)
at org.openqa.selenium.remote.RemoteWebDriver.execute(RemoteWebDriver.java:601)
at org.openqa.selenium.remote.RemoteWebElement.execute(RemoteWebElement.java:223)
at org.openqa.selenium.remote.RemoteWebElement.click(RemoteWebElement.java:76)
at org.openqa.selenium.support.pagefactory.internal.LocatingElementHandler.invoke(LocatingElementHandler.java:51)
at jdk.proxy2/jdk.proxy2.$Proxy14.click(Unknown Source)
at pageObjects.CheckOutPage.FillDetails(CheckOutPage.java:53)
at tests.FunctionalTests.OpenSiteAndLogin(FunctionalTests.java:43)
at java.base/java.util.ArrayList.forEach(ArrayList.java:1596)
at java.base/java.util.concurrent.FutureTask.run(FutureTask.java:317)
at java.base/java.util.concurrent.ThreadPoolExecutor.runWorker(ThreadPoolExecutor.java:1144)
at java.base/java.util.concurrent.ThreadPoolExecutor$Worker.run(ThreadPoolExecutor.java:642)
at java.base/java.lang.Thread.run(Thread.java:1583)
... Removed 17 stack frames]]>
    </failure>
  </testcase> <!-- OpenSiteAndLogin -->
  <testcase classname="tests.FunctionalTests" name="OpenSiteAndLogin" time="23.705">
    <skipped/>
  </testcase> <!-- OpenSiteAndLogin -->
  <testcase classname="tests.FunctionalTests" name="OpenSiteAndLogin" time="23.836">
    <failure type="java.lang.AssertionError" message="expected [true] but found [false]">
      <![CDATA[java.lang.AssertionError: expected [true] but found [false]
at tests.FunctionalTests.OpenSiteAndLogin(FunctionalTests.java:38)
at java.base/java.util.ArrayList.forEach(ArrayList.java:1596)
at java.base/java.util.concurrent.FutureTask.run(FutureTask.java:317)
at java.base/java.util.concurrent.ThreadPoolExecutor.runWorker(ThreadPoolExecutor.java:1144)
at java.base/java.util.concurrent.ThreadPoolExecutor$Worker.run(ThreadPoolExecutor.java:642)
at java.base/java.lang.Thread.run(Thread.java:1583)
... Removed 19 stack frames]]>
    </failure>
  </testcase> <!-- OpenSiteAndLogin -->
  <testcase classname="tests.FunctionalTests" name="VerifyOrderHistory" time="0.0">
    <skipped/>
  </testcase> <!-- VerifyOrderHistory -->
</testsuite> <!-- UserStory Edge -->
