<?xml version="1.0" encoding="UTF-8"?>
<testsuite xmlns:xsi="http://www.w3.org/2001/XMLSchema-instance" xsi:noNamespaceSchemaLocation="https://maven.apache.org/surefire/maven-surefire-plugin/xsd/surefire-test-report.xsd" version="3.0.2" name="TestSuite" time="532.854" tests="11" errors="0" skipped="3" failures="2" flakes="0">
  <properties>
[...]
</properties>
  <testcase name="OpenSiteAndLogin[{password=2204@50Mb, email=bhatiamohak1702@gmail.com}](1)" classname="tests.FunctionalTests" time="0.0">
    <skipped message="expected [true] but found [false]"/>
    <system-out><![CDATA[ADIDAS ORIGINAL
$ 11500
View
Add To Cart
ZARA COAT 3
$ 11500
View
Add To Cart
]]></system-out>
    <system-err><![CDATA[SLF4J(W): No SLF4J providers were found.
SLF4J(W): Defaulting to no-operation (NOP) logger implementation
SLF4J(W): See https://www.slf4j.org/codes.html#noProviders for further details.
Sep 23, 2026 8:16:37 PM org.openqa.selenium.remote.tracing.opentelemetry.OpenTelemetryTracer createTracer
INFO: Using OpenTelemetry for tracing
]]></system-err>
  </testcase>
  <testcase name="OpenSiteAndLogin[{password=2204@50Mb, email=bhatiamohak1702@gmail.com}](1)" classname="tests.FunctionalTests" time="0.0">
    <skipped message="Element &lt;a class=&quot;btnn action__submit ng-star-inserted&quot;&gt; is not clickable at point (1082,343) because another element &lt;div class=&quot;ta-backdrop&quot;&gt; obscures it&#10;Build info: version: &apos;4.40.0&apos;, revision: &apos;b3333f1&apos;&#10;System info: os.name: &apos;Windows 11&apos;, os.arch: &apos;amd64&apos;, os.version: &apos;10.0&apos;, java.version: &apos;21.0.8&apos;&#10;Driver info: org.openqa.selenium.remote.RemoteWebDriver&#10;Command: [2a7b4970-c21a-4e95-aa6c-642fc967654b, clickElement {id=fd5213e4-b59a-47ea-8772-a0be1191fd8c}]&#10;Capabilities {acceptInsecureCerts: true, browserName: firefox, browserVersion: 155.0.1, container:hostname: 4164935bee61, moz:accessibilityChecks: false, moz:buildID: 20260903215306, moz:firefoxOptions: {args: [-headless, --width=1920, --height=1080], prefs: {remote.active-protocols: 1}}, moz:geckodriverVersion: 0.37.1, moz:headless: true, moz:platformVersion: 6.18.33.2-microsoft-standar..., moz:processID: 211, moz:profile: /tmp/rust_mozprofileauyaLM, moz:shutdownTimeout: 60000, moz:webdriverClick: true, moz:windowless: false, pageLoadStrategy: normal, platformName: linux, proxy: Proxy(), se:bidiEnabled: false, se:cdpEnabled: false, se:containerName: 4164935bee61, se:deleteSessionOnUi: true, se:downloadsEnabled: true, se:noVncPort: 7900, se:vnc: ws://172.19.0.3:4444/sessio..., se:vncEnabled: true, se:vncLocalAddress: ws://172.19.0.3:7900, setWindowRect: true, strictFileInteractability: false, timeouts: {implicit: 0, pageLoad: 300000, script: 30000}, unhandledPromptBehavior: dismiss and notify, userAgent: Mozilla/5.0 (X11; Linux x86...}&#10;Element: [[RemoteWebDriver: firefox on linux (2a7b4970-c21a-4e95-aa6c-642fc967654b)] -&gt; xpath: //a[text()=&apos;Place Order &apos;]]&#10;Session ID: 2a7b4970-c21a-4e95-aa6c-642fc967654b"/>
    <system-out><![CDATA[ADIDAS ORIGINAL
$ 11500
View
Add To Cart
ZARA COAT 3
$ 11500
View
Add To Cart
ADIDAS ORIGINAL
$ 11500
View
Add To Cart
ZARA COAT 3
$ 11500
View
Add To Cart
]]></system-out>
  </testcase>
  <testcase name="OpenSiteAndLogin[{password=2204@50Mb, email=bhatiamohak1702@gmail.com}](1)" classname="tests.FunctionalTests" time="0.0">
    <skipped message="element click intercepted: Element &lt;a _ngcontent-whi-c40=&quot;&quot; class=&quot;btnn action__submit ng-star-inserted&quot;&gt;...&lt;/a&gt; is not clickable at point (643, 221). Other element would receive the click: &lt;div _ngcontent-whi-c37=&quot;&quot; class=&quot;ta-backdrop&quot;&gt;&lt;/div&gt;&#10;  (Session info: chrome=152.0.7977.82)&#10;Build info: version: &apos;4.40.0&apos;, revision: &apos;b3333f1&apos;&#10;System info: os.name: &apos;Windows 11&apos;, os.arch: &apos;amd64&apos;, os.version: &apos;10.0&apos;, java.version: &apos;21.0.8&apos;&#10;Driver info: org.openqa.selenium.remote.RemoteWebDriver&#10;Command: [e193e415c8e8ade85dd5c449e4145f13, clickElement {id=f.61FBA013EEAE8F317780077F5F195369.d.A57FCBEF672BD87CBE86CB54E57597C6.e.331}]&#10;Capabilities {acceptInsecureCerts: false, browserName: chrome, browserVersion: 152.0.7977.82, chrome: {chromedriverVersion: 152.0.7977.82 (d04cdb24d67b..., userDataDir: /tmp/org.chromium.Chromium....}, fedcm:accounts: true, goog:chromeOptions: {debuggerAddress: localhost:39761}, goog:processID: 200, networkConnectionEnabled: false, pageLoadStrategy: normal, platformName: linux, proxy: Proxy(), se:bidiEnabled: false, se:cdp: ws://172.19.0.5:4444/sessio..., se:cdpVersion: 152.0.7977.82, se:containerName: 6283ff189d29, se:deleteSessionOnUi: true, se:downloadsEnabled: true, se:noVncPort: 7900, se:vnc: ws://172.19.0.5:4444/sessio..., se:vncEnabled: true, se:vncLocalAddress: ws://172.19.0.5:7900, setWindowRect: true, strictFileInteractability: false, timeouts: {implicit: 0, pageLoad: 300000, script: 30000}, unhandledPromptBehavior: dismiss and notify, webauthn:extension:credBlob: true, webauthn:extension:largeBlob: true, webauthn:extension:minPinLength: true, webauthn:extension:prf: true, webauthn:virtualAuthenticators: true}&#10;Element: [[RemoteWebDriver: chrome on linux (e193e415c8e8ade85dd5c449e4145f13)] -&gt; xpath: //a[text()=&apos;Place Order &apos;]]&#10;Session ID: e193e415c8e8ade85dd5c449e4145f13"/>
  </testcase>
  <testcase name="OpenSiteAndLogin[{password=2204@50Mb, email=bhatiamohak1702@gmail.com}](2)" classname="tests.FunctionalTests" time="6.139">
    <failure message="element click intercepted: Element &lt;a _ngcontent-kng-c40=&quot;&quot; class=&quot;btnn action__submit ng-star-inserted&quot;&gt;...&lt;/a&gt; is not clickable at point (640, 227). Other element would receive the click: &lt;div _ngcontent-kng-c37=&quot;&quot; class=&quot;ta-backdrop&quot;&gt;&lt;/div&gt;&#10;  (Session info: MicrosoftEdge=152.0.4191.66)&#10;Build info: version: &apos;4.40.0&apos;, revision: &apos;b3333f1&apos;&#10;System info: os.name: &apos;Windows 11&apos;, os.arch: &apos;amd64&apos;, os.version: &apos;10.0&apos;, java.version: &apos;21.0.8&apos;&#10;Driver info: org.openqa.selenium.remote.RemoteWebDriver&#10;Command: [87c1ccb8b576601fc5790d0ac5f176f4, clickElement {id=f.CCB87B58C31DD467169A4EA098E8929E.d.3A1CDBE422A96DD0CCF1DADC86A8734A.e.145}]&#10;Capabilities {acceptInsecureCerts: false, browserName: MicrosoftEdge, browserVersion: 152.0.4191.66, fedcm:accounts: true, goog:processID: 527, ms:edgeOptions: {debuggerAddress: localhost:37405}, msedge: {msedgedriverVersion: 152.0.4191.66 (cc2931e6363a..., userDataDir: /tmp/com.microsoft.Edge.sco...}, networkConnectionEnabled: false, pageLoadStrategy: normal, platformName: linux, proxy: Proxy(), se:bidiEnabled: false, se:cdp: ws://172.19.0.4:4444/sessio..., se:cdpVersion: 152.0.4191.66, se:containerName: 7b70b33f98c6, se:deleteSessionOnUi: true, se:downloadsEnabled: true, se:noVncPort: 7900, se:vnc: ws://172.19.0.4:4444/sessio..., se:vncEnabled: true, se:vncLocalAddress: ws://172.19.0.4:7900, setWindowRect: true, strictFileInteractability: false, timeouts: {implicit: 0, pageLoad: 300000, script: 30000}, unhandledPromptBehavior: dismiss and notify, webauthn:extension:credBlob: true, webauthn:extension:largeBlob: true, webauthn:extension:minPinLength: true, webauthn:extension:prf: true, webauthn:virtualAuthenticators: true}&#10;Element: [[RemoteWebDriver: MicrosoftEdge on linux (87c1ccb8b576601fc5790d0ac5f176f4)] -&gt; xpath: //a[text()=&apos;Place Order &apos;]]&#10;Session ID: 87c1ccb8b576601fc5790d0ac5f176f4" type="org.openqa.selenium.ElementClickInterceptedException"><![CDATA[org.openqa.selenium.ElementClickInterceptedException: 
element click intercepted: Element <a _ngcontent-kng-c40="" class="btnn action__submit ng-star-inserted">...</a> is not clickable at point (640, 227). Other element would receive the click: <div _ngcontent-kng-c37="" class="ta-backdrop"></div>
  (Session info: MicrosoftEdge=152.0.4191.66)
Build info: version: '4.40.0', revision: 'b3333f1'
System info: os.name: 'Windows 11', os.arch: 'amd64', os.version: '10.0', java.version: '21.0.8'
Driver info: org.openqa.selenium.remote.RemoteWebDriver
Command: [87c1ccb8b576601fc5790d0ac5f176f4, clickElement {id=f.CCB87B58C31DD467169A4EA098E8929E.d.3A1CDBE422A96DD0CCF1DADC86A8734A.e.145}]
Capabilities {acceptInsecureCerts: false, browserName: MicrosoftEdge, browserVersion: 152.0.4191.66, fedcm:accounts: true, goog:processID: 527, ms:edgeOptions: {debuggerAddress: localhost:37405}, msedge: {msedgedriverVersion: 152.0.4191.66 (cc2931e6363a..., userDataDir: /tmp/com.microsoft.Edge.sco...}, networkConnectionEnabled: false, pageLoadStrategy: normal, platformName: linux, proxy: Proxy(), se:bidiEnabled: false, se:cdp: ws://172.19.0.4:4444/sessio..., se:cdpVersion: 152.0.4191.66, se:containerName: 7b70b33f98c6, se:deleteSessionOnUi: true, se:downloadsEnabled: true, se:noVncPort: 7900, se:vnc: ws://172.19.0.4:4444/sessio..., se:vncEnabled: true, se:vncLocalAddress: ws://172.19.0.4:7900, setWindowRect: true, strictFileInteractability: false, timeouts: {implicit: 0, pageLoad: 300000, script: 30000}, unhandledPromptBehavior: dismiss and notify, webauthn:extension:credBlob: true, webauthn:extension:largeBlob: true, webauthn:extension:minPinLength: true, webauthn:extension:prf: true, webauthn:virtualAuthenticators: true}
Element: [[RemoteWebDriver: MicrosoftEdge on linux (87c1ccb8b576601fc5790d0ac5f176f4)] -> xpath: //a[text()='Place Order ']]
Session ID: 87c1ccb8b576601fc5790d0ac5f176f4
	at org.openqa.selenium.remote.ErrorCodec.decode(ErrorCodec.java:169)
	at org.openqa.selenium.remote.codec.w3c.W3CHttpResponseCodec.decode(W3CHttpResponseCodec.java:142)
	at org.openqa.selenium.remote.codec.w3c.W3CHttpResponseCodec.decode(W3CHttpResponseCodec.java:49)
	at org.openqa.selenium.remote.HttpCommandExecutor.execute(HttpCommandExecutor.java:223)
	at org.openqa.selenium.remote.TracedCommandExecutor.execute(TracedCommandExecutor.java:53)
	at org.openqa.selenium.remote.RemoteWebDriver.execute(RemoteWebDriver.java:601)
	at org.openqa.selenium.remote.RemoteWebElement.execute(RemoteWebElement.java:223)
	at org.openqa.selenium.remote.RemoteWebElement.click(RemoteWebElement.java:76)
	at java.base/jdk.internal.reflect.DirectMethodHandleAccessor.invoke(DirectMethodHandleAccessor.java:103)
	at java.base/java.lang.reflect.Method.invoke(Method.java:580)
	at org.openqa.selenium.support.pagefactory.internal.LocatingElementHandler.invoke(LocatingElementHandler.java:51)
	at jdk.proxy2/jdk.proxy2.$Proxy14.click(Unknown Source)
	at pageObjects.CheckOutPage.FillDetails(CheckOutPage.java:53)
	at tests.FunctionalTests.OpenSiteAndLogin(FunctionalTests.java:43)
	at java.base/jdk.internal.reflect.DirectMethodHandleAccessor.invoke(DirectMethodHandleAccessor.java:103)
	at java.base/java.lang.reflect.Method.invoke(Method.java:580)
	at org.testng.internal.invokers.MethodInvocationHelper.invokeMethod(MethodInvocationHelper.java:141)
	at org.testng.internal.invokers.TestInvoker.invokeMethod(TestInvoker.java:687)
	at org.testng.internal.invokers.TestInvoker.retryFailed(TestInvoker.java:269)
	at org.testng.internal.invokers.MethodRunner.runInSequence(MethodRunner.java:76)
	at org.testng.internal.invokers.TestInvoker$MethodInvocationAgent.invoke(TestInvoker.java:995)
	at org.testng.internal.invokers.TestInvoker.invokeTestMethods(TestInvoker.java:203)
	at org.testng.internal.invokers.TestMethodWorker.invokeTestMethods(TestMethodWorker.java:154)
	at org.testng.internal.invokers.TestMethodWorker.run(TestMethodWorker.java:134)
	at java.base/java.util.ArrayList.forEach(ArrayList.java:1596)
	at org.testng.TestRunner.privateRun(TestRunner.java:741)
	at org.testng.TestRunner.run(TestRunner.java:616)
	at org.testng.SuiteRunner.runTest(SuiteRunner.java:421)
	at org.testng.SuiteRunner$SuiteWorker.run(SuiteRunner.java:463)
	at org.testng.internal.thread.ThreadUtil.lambda$execute$0(ThreadUtil.java:64)
	at java.base/java.util.concurrent.FutureTask.run(FutureTask.java:317)
	at java.base/java.util.concurrent.ThreadPoolExecutor.runWorker(ThreadPoolExecutor.java:1144)
	at java.base/java.util.concurrent.ThreadPoolExecutor$Worker.run(ThreadPoolExecutor.java:642)
	at java.base/java.lang.Thread.run(Thread.java:1583)
]]></failure>
    <system-out><![CDATA[ADIDAS ORIGINAL
$ 11500
View
Add To Cart
ZARA COAT 3
$ 11500
View
Add To Cart
]]></system-out>
  </testcase>
  <testcase name="OpenSiteAndLogin[{password=2204@50Mb, email=bhatiamohak1702@gmail.com}](2)" classname="tests.FunctionalTests" time="5.545">
    <failure message="Element &lt;a class=&quot;btnn action__submit ng-star-inserted&quot;&gt; is not clickable at point (1082,536) because another element &lt;div class=&quot;ta-backdrop&quot;&gt; obscures it&#10;Build info: version: &apos;4.40.0&apos;, revision: &apos;b3333f1&apos;&#10;System info: os.name: &apos;Windows 11&apos;, os.arch: &apos;amd64&apos;, os.version: &apos;10.0&apos;, java.version: &apos;21.0.8&apos;&#10;Driver info: org.openqa.selenium.remote.RemoteWebDriver&#10;Command: [10b674e2-53be-42be-9db0-b7c8bc894c1a, clickElement {id=13818c4d-6c2f-4d4c-8cbf-9148dc3ce522}]&#10;Capabilities {acceptInsecureCerts: true, browserName: firefox, browserVersion: 155.0.1, container:hostname: 4164935bee61, moz:accessibilityChecks: false, moz:buildID: 20260903215306, moz:firefoxOptions: {args: [-headless, --width=1920, --height=1080], prefs: {remote.active-protocols: 1}}, moz:geckodriverVersion: 0.37.1, moz:headless: true, moz:platformVersion: 6.18.33.2-microsoft-standar..., moz:processID: 641, moz:profile: /tmp/rust_mozprofileDeKOmy, moz:shutdownTimeout: 60000, moz:webdriverClick: true, moz:windowless: false, pageLoadStrategy: normal, platformName: linux, proxy: Proxy(), se:bidiEnabled: false, se:cdpEnabled: false, se:containerName: 4164935bee61, se:deleteSessionOnUi: true, se:downloadsEnabled: true, se:noVncPort: 7900, se:vnc: ws://172.19.0.3:4444/sessio..., se:vncEnabled: true, se:vncLocalAddress: ws://172.19.0.3:7900, setWindowRect: true, strictFileInteractability: false, timeouts: {implicit: 0, pageLoad: 300000, script: 30000}, unhandledPromptBehavior: dismiss and notify, userAgent: Mozilla/5.0 (X11; Linux x86...}&#10;Element: [[RemoteWebDriver: firefox on linux (10b674e2-53be-42be-9db0-b7c8bc894c1a)] -&gt; xpath: //a[text()=&apos;Place Order &apos;]]&#10;Session ID: 10b674e2-53be-42be-9db0-b7c8bc894c1a" type="org.openqa.selenium.ElementClickInterceptedException"><![CDATA[org.openqa.selenium.ElementClickInterceptedException: 
Element <a class="btnn action__submit ng-star-inserted"> is not clickable at point (1082,536) because another element <div class="ta-backdrop"> obscures it
Build info: version: '4.40.0', revision: 'b3333f1'
System info: os.name: 'Windows 11', os.arch: 'amd64', os.version: '10.0', java.version: '21.0.8'
Driver info: org.openqa.selenium.remote.RemoteWebDriver
Command: [10b674e2-53be-42be-9db0-b7c8bc894c1a, clickElement {id=13818c4d-6c2f-4d4c-8cbf-9148dc3ce522}]
Capabilities {acceptInsecureCerts: true, browserName: firefox, browserVersion: 155.0.1, container:hostname: 4164935bee61, moz:accessibilityChecks: false, moz:buildID: 20260903215306, moz:firefoxOptions: {args: [-headless, --width=1920, --height=1080], prefs: {remote.active-protocols: 1}}, moz:geckodriverVersion: 0.37.1, moz:headless: true, moz:platformVersion: 6.18.33.2-microsoft-standar..., moz:processID: 641, moz:profile: /tmp/rust_mozprofileDeKOmy, moz:shutdownTimeout: 60000, moz:webdriverClick: true, moz:windowless: false, pageLoadStrategy: normal, platformName: linux, proxy: Proxy(), se:bidiEnabled: false, se:cdpEnabled: false, se:containerName: 4164935bee61, se:deleteSessionOnUi: true, se:downloadsEnabled: true, se:noVncPort: 7900, se:vnc: ws://172.19.0.3:4444/sessio..., se:vncEnabled: true, se:vncLocalAddress: ws://172.19.0.3:7900, setWindowRect: true, strictFileInteractability: false, timeouts: {implicit: 0, pageLoad: 300000, script: 30000}, unhandledPromptBehavior: dismiss and notify, userAgent: Mozilla/5.0 (X11; Linux x86...}
Element: [[RemoteWebDriver: firefox on linux (10b674e2-53be-42be-9db0-b7c8bc894c1a)] -> xpath: //a[text()='Place Order ']]
Session ID: 10b674e2-53be-42be-9db0-b7c8bc894c1a
	at org.openqa.selenium.remote.ErrorCodec.decode(ErrorCodec.java:169)
	at org.openqa.selenium.remote.codec.w3c.W3CHttpResponseCodec.decode(W3CHttpResponseCodec.java:142)
	at org.openqa.selenium.remote.codec.w3c.W3CHttpResponseCodec.decode(W3CHttpResponseCodec.java:49)
	at org.openqa.selenium.remote.HttpCommandExecutor.execute(HttpCommandExecutor.java:223)
	at org.openqa.selenium.remote.TracedCommandExecutor.execute(TracedCommandExecutor.java:53)
	at org.openqa.selenium.remote.RemoteWebDriver.execute(RemoteWebDriver.java:601)
	at org.openqa.selenium.remote.RemoteWebElement.execute(RemoteWebElement.java:223)
	at org.openqa.selenium.remote.RemoteWebElement.click(RemoteWebElement.java:76)
	at java.base/jdk.internal.reflect.DirectMethodHandleAccessor.invoke(DirectMethodHandleAccessor.java:103)
	at java.base/java.lang.reflect.Method.invoke(Method.java:580)
	at org.openqa.selenium.support.pagefactory.internal.LocatingElementHandler.invoke(LocatingElementHandler.java:51)
	at jdk.proxy2/jdk.proxy2.$Proxy14.click(Unknown Source)
	at pageObjects.CheckOutPage.FillDetails(CheckOutPage.java:53)
	at tests.FunctionalTests.OpenSiteAndLogin(FunctionalTests.java:43)
	at java.base/jdk.internal.reflect.DirectMethodHandleAccessor.invoke(DirectMethodHandleAccessor.java:103)
	at java.base/java.lang.reflect.Method.invoke(Method.java:580)
	at org.testng.internal.invokers.MethodInvocationHelper.invokeMethod(MethodInvocationHelper.java:141)
	at org.testng.internal.invokers.TestInvoker.invokeMethod(TestInvoker.java:687)
	at org.testng.internal.invokers.TestInvoker.retryFailed(TestInvoker.java:269)
	at org.testng.internal.invokers.MethodRunner.runInSequence(MethodRunner.java:76)
	at org.testng.internal.invokers.TestInvoker$MethodInvocationAgent.invoke(TestInvoker.java:995)
	at org.testng.internal.invokers.TestInvoker.invokeTestMethods(TestInvoker.java:203)
	at org.testng.internal.invokers.TestMethodWorker.invokeTestMethods(TestMethodWorker.java:154)
	at org.testng.internal.invokers.TestMethodWorker.run(TestMethodWorker.java:134)
	at java.base/java.util.ArrayList.forEach(ArrayList.java:1596)
	at org.testng.TestRunner.privateRun(TestRunner.java:741)
	at org.testng.TestRunner.run(TestRunner.java:616)
	at org.testng.SuiteRunner.runTest(SuiteRunner.java:421)
	at org.testng.SuiteRunner$SuiteWorker.run(SuiteRunner.java:463)
	at org.testng.internal.thread.ThreadUtil.lambda$execute$0(ThreadUtil.java:64)
	at java.base/java.util.concurrent.FutureTask.run(FutureTask.java:317)
	at java.base/java.util.concurrent.ThreadPoolExecutor.runWorker(ThreadPoolExecutor.java:1144)
	at java.base/java.util.concurrent.ThreadPoolExecutor$Worker.run(ThreadPoolExecutor.java:642)
	at java.base/java.lang.Thread.run(Thread.java:1583)
]]></failure>
    <system-out><![CDATA[ADIDAS ORIGINAL
$ 11500
View
Add To Cart
ZARA COAT 3
$ 11500
View
Add To Cart
ADIDAS ORIGINAL
$ 11500
View
Add To Cart
ZARA COAT 3
$ 11500
View
Add To Cart
]]></system-out>
  </testcase>
  <testcase name="OpenSiteAndLogin[{password=2204@50Mb, email=bhatiamohak1702@gmail.com}](2)" classname="tests.FunctionalTests" time="14.897">
    <failure message="element click intercepted: Element &lt;a _ngcontent-agk-c40=&quot;&quot; class=&quot;btnn action__submit ng-star-inserted&quot;&gt;...&lt;/a&gt; is not clickable at point (643, 221). Other element would receive the click: &lt;div _ngcontent-agk-c37=&quot;&quot; class=&quot;ta-backdrop&quot;&gt;&lt;/div&gt;&#10;  (Session info: chrome=152.0.7977.82)&#10;Build info: version: &apos;4.40.0&apos;, revision: &apos;b3333f1&apos;&#10;System info: os.name: &apos;Windows 11&apos;, os.arch: &apos;amd64&apos;, os.version: &apos;10.0&apos;, java.version: &apos;21.0.8&apos;&#10;Driver info: org.openqa.selenium.remote.RemoteWebDriver&#10;Command: [2a5331e3c29eee8eb0675b74e0937b99, clickElement {id=f.2CE100D5424788DC8975C3F8B9C9F6B6.d.0C190B8D111B0E0B9F2F02BB7FB39F09.e.328}]&#10;Capabilities {acceptInsecureCerts: false, browserName: chrome, browserVersion: 152.0.7977.82, chrome: {chromedriverVersion: 152.0.7977.82 (d04cdb24d67b..., userDataDir: /tmp/org.chromium.Chromium....}, fedcm:accounts: true, goog:chromeOptions: {debuggerAddress: localhost:44039}, goog:processID: 468, networkConnectionEnabled: false, pageLoadStrategy: normal, platformName: linux, proxy: Proxy(), se:bidiEnabled: false, se:cdp: ws://172.19.0.5:4444/sessio..., se:cdpVersion: 152.0.7977.82, se:containerName: 6283ff189d29, se:deleteSessionOnUi: true, se:downloadsEnabled: true, se:noVncPort: 7900, se:vnc: ws://172.19.0.5:4444/sessio..., se:vncEnabled: true, se:vncLocalAddress: ws://172.19.0.5:7900, setWindowRect: true, strictFileInteractability: false, timeouts: {implicit: 0, pageLoad: 300000, script: 30000}, unhandledPromptBehavior: dismiss and notify, webauthn:extension:credBlob: true, webauthn:extension:largeBlob: true, webauthn:extension:minPinLength: true, webauthn:extension:prf: true, webauthn:virtualAuthenticators: true}&#10;Element: [[RemoteWebDriver: chrome on linux (2a5331e3c29eee8eb0675b74e0937b99)] -&gt; xpath: //a[text()=&apos;Place Order &apos;]]&#10;Session ID: 2a5331e3c29eee8eb0675b74e0937b99" type="org.openqa.selenium.ElementClickInterceptedException"><![CDATA[org.openqa.selenium.ElementClickInterceptedException: 
element click intercepted: Element <a _ngcontent-agk-c40="" class="btnn action__submit ng-star-inserted">...</a> is not clickable at point (643, 221). Other element would receive the click: <div _ngcontent-agk-c37="" class="ta-backdrop"></div>
  (Session info: chrome=152.0.7977.82)
Build info: version: '4.40.0', revision: 'b3333f1'
System info: os.name: 'Windows 11', os.arch: 'amd64', os.version: '10.0', java.version: '21.0.8'
Driver info: org.openqa.selenium.remote.RemoteWebDriver
Command: [2a5331e3c29eee8eb0675b74e0937b99, clickElement {id=f.2CE100D5424788DC8975C3F8B9C9F6B6.d.0C190B8D111B0E0B9F2F02BB7FB39F09.e.328}]
Capabilities {acceptInsecureCerts: false, browserName: chrome, browserVersion: 152.0.7977.82, chrome: {chromedriverVersion: 152.0.7977.82 (d04cdb24d67b..., userDataDir: /tmp/org.chromium.Chromium....}, fedcm:accounts: true, goog:chromeOptions: {debuggerAddress: localhost:44039}, goog:processID: 468, networkConnectionEnabled: false, pageLoadStrategy: normal, platformName: linux, proxy: Proxy(), se:bidiEnabled: false, se:cdp: ws://172.19.0.5:4444/sessio..., se:cdpVersion: 152.0.7977.82, se:containerName: 6283ff189d29, se:deleteSessionOnUi: true, se:downloadsEnabled: true, se:noVncPort: 7900, se:vnc: ws://172.19.0.5:4444/sessio..., se:vncEnabled: true, se:vncLocalAddress: ws://172.19.0.5:7900, setWindowRect: true, strictFileInteractability: false, timeouts: {implicit: 0, pageLoad: 300000, script: 30000}, unhandledPromptBehavior: dismiss and notify, webauthn:extension:credBlob: true, webauthn:extension:largeBlob: true, webauthn:extension:minPinLength: true, webauthn:extension:prf: true, webauthn:virtualAuthenticators: true}
Element: [[RemoteWebDriver: chrome on linux (2a5331e3c29eee8eb0675b74e0937b99)] -> xpath: //a[text()='Place Order ']]
Session ID: 2a5331e3c29eee8eb0675b74e0937b99
	at org.openqa.selenium.remote.ErrorCodec.decode(ErrorCodec.java:169)
	at org.openqa.selenium.remote.codec.w3c.W3CHttpResponseCodec.decode(W3CHttpResponseCodec.java:142)
	at org.openqa.selenium.remote.codec.w3c.W3CHttpResponseCodec.decode(W3CHttpResponseCodec.java:49)
	at org.openqa.selenium.remote.HttpCommandExecutor.execute(HttpCommandExecutor.java:223)
	at org.openqa.selenium.remote.TracedCommandExecutor.execute(TracedCommandExecutor.java:53)
	at org.openqa.selenium.remote.RemoteWebDriver.execute(RemoteWebDriver.java:601)
	at org.openqa.selenium.remote.RemoteWebElement.execute(RemoteWebElement.java:223)
	at org.openqa.selenium.remote.RemoteWebElement.click(RemoteWebElement.java:76)
	at java.base/jdk.internal.reflect.DirectMethodHandleAccessor.invoke(DirectMethodHandleAccessor.java:103)
	at java.base/java.lang.reflect.Method.invoke(Method.java:580)
	at org.openqa.selenium.support.pagefactory.internal.LocatingElementHandler.invoke(LocatingElementHandler.java:51)
	at jdk.proxy2/jdk.proxy2.$Proxy14.click(Unknown Source)
	at pageObjects.CheckOutPage.FillDetails(CheckOutPage.java:53)
	at tests.FunctionalTests.OpenSiteAndLogin(FunctionalTests.java:43)
	at java.base/jdk.internal.reflect.DirectMethodHandleAccessor.invoke(DirectMethodHandleAccessor.java:103)
	at java.base/java.lang.reflect.Method.invoke(Method.java:580)
	at org.testng.internal.invokers.MethodInvocationHelper.invokeMethod(MethodInvocationHelper.java:141)
	at org.testng.internal.invokers.TestInvoker.invokeMethod(TestInvoker.java:687)
	at org.testng.internal.invokers.TestInvoker.retryFailed(TestInvoker.java:269)
	at org.testng.internal.invokers.MethodRunner.runInSequence(MethodRunner.java:76)
	at org.testng.internal.invokers.TestInvoker$MethodInvocationAgent.invoke(TestInvoker.java:995)
	at org.testng.internal.invokers.TestInvoker.invokeTestMethods(TestInvoker.java:203)
	at org.testng.internal.invokers.TestMethodWorker.invokeTestMethods(TestMethodWorker.java:154)
	at org.testng.internal.invokers.TestMethodWorker.run(TestMethodWorker.java:134)
	at java.base/java.util.ArrayList.forEach(ArrayList.java:1596)
	at org.testng.TestRunner.privateRun(TestRunner.java:741)
	at org.testng.TestRunner.run(TestRunner.java:616)
	at org.testng.SuiteRunner.runTest(SuiteRunner.java:421)
	at org.testng.SuiteRunner$SuiteWorker.run(SuiteRunner.java:463)
	at org.testng.internal.thread.ThreadUtil.lambda$execute$0(ThreadUtil.java:64)
	at java.base/java.util.concurrent.FutureTask.run(FutureTask.java:317)
	at java.base/java.util.concurrent.ThreadPoolExecutor.runWorker(ThreadPoolExecutor.java:1144)
	at java.base/java.util.concurrent.ThreadPoolExecutor$Worker.run(ThreadPoolExecutor.java:642)
	at java.base/java.lang.Thread.run(Thread.java:1583)
]]></failure>
    <system-out><![CDATA[ADIDAS ORIGINAL
$ 11500
View
Add To Cart
ZARA COAT 3
$ 11500
View
Add To Cart
]]></system-out>
  </testcase>
  <testcase name="OpenSiteAndLogin[{password=Ani@bha3108, email=bhatiaanishka3108@gmail.com}](3)" classname="tests.FunctionalTests" time="0.0">
    <skipped message="element click intercepted: Element &lt;a _ngcontent-mlp-c40=&quot;&quot; class=&quot;btnn action__submit ng-star-inserted&quot;&gt;...&lt;/a&gt; is not clickable at point (640, 227). Other element would receive the click: &lt;div _ngcontent-mlp-c37=&quot;&quot; class=&quot;ta-backdrop&quot;&gt;&lt;/div&gt;&#10;  (Session info: MicrosoftEdge=152.0.4191.66)&#10;Build info: version: &apos;4.40.0&apos;, revision: &apos;b3333f1&apos;&#10;System info: os.name: &apos;Windows 11&apos;, os.arch: &apos;amd64&apos;, os.version: &apos;10.0&apos;, java.version: &apos;21.0.8&apos;&#10;Driver info: org.openqa.selenium.remote.RemoteWebDriver&#10;Command: [0cdddc883a407d5c91a62ca21c2be8cc, clickElement {id=f.59B0E7825E555225902677F31985DBDC.d.9A3C2DE5BFB9491E6A2EA93B3C0DC835.e.108}]&#10;Capabilities {acceptInsecureCerts: false, browserName: MicrosoftEdge, browserVersion: 152.0.4191.66, fedcm:accounts: true, goog:processID: 824, ms:edgeOptions: {debuggerAddress: localhost:35573}, msedge: {msedgedriverVersion: 152.0.4191.66 (cc2931e6363a..., userDataDir: /tmp/com.microsoft.Edge.sco...}, networkConnectionEnabled: false, pageLoadStrategy: normal, platformName: linux, proxy: Proxy(), se:bidiEnabled: false, se:cdp: ws://172.19.0.4:4444/sessio..., se:cdpVersion: 152.0.4191.66, se:containerName: 7b70b33f98c6, se:deleteSessionOnUi: true, se:downloadsEnabled: true, se:noVncPort: 7900, se:vnc: ws://172.19.0.4:4444/sessio..., se:vncEnabled: true, se:vncLocalAddress: ws://172.19.0.4:7900, setWindowRect: true, strictFileInteractability: false, timeouts: {implicit: 0, pageLoad: 300000, script: 30000}, unhandledPromptBehavior: dismiss and notify, webauthn:extension:credBlob: true, webauthn:extension:largeBlob: true, webauthn:extension:minPinLength: true, webauthn:extension:prf: true, webauthn:virtualAuthenticators: true}&#10;Element: [[RemoteWebDriver: MicrosoftEdge on linux (0cdddc883a407d5c91a62ca21c2be8cc)] -&gt; xpath: //a[text()=&apos;Place Order &apos;]]&#10;Session ID: 0cdddc883a407d5c91a62ca21c2be8cc"/>
  </testcase>
  <testcase name="OpenSiteAndLogin[{password=Ani@bha3108, email=bhatiaanishka3108@gmail.com}](3)" classname="tests.FunctionalTests" time="0.0">
    <skipped message="Element &lt;a class=&quot;btnn action__submit ng-star-inserted&quot;&gt; is not clickable at point (1086,341) because another element &lt;div class=&quot;ta-backdrop&quot;&gt; obscures it&#10;Build info: version: &apos;4.40.0&apos;, revision: &apos;b3333f1&apos;&#10;System info: os.name: &apos;Windows 11&apos;, os.arch: &apos;amd64&apos;, os.version: &apos;10.0&apos;, java.version: &apos;21.0.8&apos;&#10;Driver info: org.openqa.selenium.remote.RemoteWebDriver&#10;Command: [c88ed12e-43a2-4385-883a-f4e9f19e6431, clickElement {id=d0cf7bee-a832-49fd-8c85-3d86344b547a}]&#10;Capabilities {acceptInsecureCerts: true, browserName: firefox, browserVersion: 155.0.1, container:hostname: 4164935bee61, moz:accessibilityChecks: false, moz:buildID: 20260903215306, moz:firefoxOptions: {args: [-headless, --width=1920, --height=1080], prefs: {remote.active-protocols: 1}}, moz:geckodriverVersion: 0.37.1, moz:headless: true, moz:platformVersion: 6.18.33.2-microsoft-standar..., moz:processID: 1048, moz:profile: /tmp/rust_mozprofileNCx3um, moz:shutdownTimeout: 60000, moz:webdriverClick: true, moz:windowless: false, pageLoadStrategy: normal, platformName: linux, proxy: Proxy(), se:bidiEnabled: false, se:cdpEnabled: false, se:containerName: 4164935bee61, se:deleteSessionOnUi: true, se:downloadsEnabled: true, se:noVncPort: 7900, se:vnc: ws://172.19.0.3:4444/sessio..., se:vncEnabled: true, se:vncLocalAddress: ws://172.19.0.3:7900, setWindowRect: true, strictFileInteractability: false, timeouts: {implicit: 0, pageLoad: 300000, script: 30000}, unhandledPromptBehavior: dismiss and notify, userAgent: Mozilla/5.0 (X11; Linux x86...}&#10;Element: [[RemoteWebDriver: firefox on linux (c88ed12e-43a2-4385-883a-f4e9f19e6431)] -&gt; xpath: //a[text()=&apos;Place Order &apos;]]&#10;Session ID: c88ed12e-43a2-4385-883a-f4e9f19e6431"/>
    <system-out><![CDATA[ADIDAS ORIGINAL
$ 11500
View
Add To Cart
ADIDAS ORIGINAL
$ 11500
View
Add To Cart
ZARA COAT 3
$ 11500
View
Add To Cart
ZARA COAT 3
$ 11500
View
Add To Cart
]]></system-out>
  </testcase>
  <testcase name="OpenSiteAndLogin[{password=Ani@bha3108, email=bhatiaanishka3108@gmail.com}](3)" classname="tests.FunctionalTests" time="0.0">
    <skipped message="element click intercepted: Element &lt;a _ngcontent-pwj-c40=&quot;&quot; class=&quot;btnn action__submit ng-star-inserted&quot;&gt;...&lt;/a&gt; is not clickable at point (643, 221). Other element would receive the click: &lt;div _ngcontent-pwj-c37=&quot;&quot; class=&quot;ta-backdrop&quot;&gt;&lt;/div&gt;&#10;  (Session info: chrome=152.0.7977.82)&#10;Build info: version: &apos;4.40.0&apos;, revision: &apos;b3333f1&apos;&#10;System info: os.name: &apos;Windows 11&apos;, os.arch: &apos;amd64&apos;, os.version: &apos;10.0&apos;, java.version: &apos;21.0.8&apos;&#10;Driver info: org.openqa.selenium.remote.RemoteWebDriver&#10;Command: [da7593049e5b291125b95b5b13683dc8, clickElement {id=f.7F2D7EA840C2BE4FFC9CAF467000073A.d.98CC4522E0DA9079D1C0D717C3880EC1.e.261}]&#10;Capabilities {acceptInsecureCerts: false, browserName: chrome, browserVersion: 152.0.7977.82, chrome: {chromedriverVersion: 152.0.7977.82 (d04cdb24d67b..., userDataDir: /tmp/org.chromium.Chromium....}, fedcm:accounts: true, goog:chromeOptions: {debuggerAddress: localhost:36889}, goog:processID: 681, networkConnectionEnabled: false, pageLoadStrategy: normal, platformName: linux, proxy: Proxy(), se:bidiEnabled: false, se:cdp: ws://172.19.0.5:4444/sessio..., se:cdpVersion: 152.0.7977.82, se:containerName: 6283ff189d29, se:deleteSessionOnUi: true, se:downloadsEnabled: true, se:noVncPort: 7900, se:vnc: ws://172.19.0.5:4444/sessio..., se:vncEnabled: true, se:vncLocalAddress: ws://172.19.0.5:7900, setWindowRect: true, strictFileInteractability: false, timeouts: {implicit: 0, pageLoad: 300000, script: 30000}, unhandledPromptBehavior: dismiss and notify, webauthn:extension:credBlob: true, webauthn:extension:largeBlob: true, webauthn:extension:minPinLength: true, webauthn:extension:prf: true, webauthn:virtualAuthenticators: true}&#10;Element: [[RemoteWebDriver: chrome on linux (da7593049e5b291125b95b5b13683dc8)] -&gt; xpath: //a[text()=&apos;Place Order &apos;]]&#10;Session ID: da7593049e5b291125b95b5b13683dc8"/>
    <system-out><![CDATA[ADIDAS ORIGINAL
$ 11500
View
Add To Cart
ZARA COAT 3
$ 11500
View
Add To Cart
]]></system-out>
  </testcase>
  <testcase name="OpenSiteAndLogin[{password=Ani@bha3108, email=bhatiaanishka3108@gmail.com}](4)" classname="tests.FunctionalTests" time="14.307">
    <failure message="expected [true] but found [false]" type="java.lang.AssertionError"><![CDATA[java.lang.AssertionError: expected [true] but found [false]
	at org.testng.Assert.fail(Assert.java:111)
	at org.testng.Assert.failNotEquals(Assert.java:1590)
	at org.testng.Assert.assertTrue(Assert.java:57)
	at org.testng.Assert.assertTrue(Assert.java:67)
	at tests.FunctionalTests.OpenSiteAndLogin(FunctionalTests.java:38)
	at java.base/jdk.internal.reflect.DirectMethodHandleAccessor.invoke(DirectMethodHandleAccessor.java:103)
	at java.base/java.lang.reflect.Method.invoke(Method.java:580)
	at org.testng.internal.invokers.MethodInvocationHelper.invokeMethod(MethodInvocationHelper.java:141)
	at org.testng.internal.invokers.TestInvoker.invokeMethod(TestInvoker.java:687)
	at org.testng.internal.invokers.TestInvoker.retryFailed(TestInvoker.java:269)
	at org.testng.internal.invokers.MethodRunner.runInSequence(MethodRunner.java:76)
	at org.testng.internal.invokers.TestInvoker$MethodInvocationAgent.invoke(TestInvoker.java:995)
	at org.testng.internal.invokers.TestInvoker.invokeTestMethods(TestInvoker.java:203)
	at org.testng.internal.invokers.TestMethodWorker.invokeTestMethods(TestMethodWorker.java:154)
	at org.testng.internal.invokers.TestMethodWorker.run(TestMethodWorker.java:134)
	at java.base/java.util.ArrayList.forEach(ArrayList.java:1596)
	at org.testng.TestRunner.privateRun(TestRunner.java:741)
	at org.testng.TestRunner.run(TestRunner.java:616)
	at org.testng.SuiteRunner.runTest(SuiteRunner.java:421)
	at org.testng.SuiteRunner$SuiteWorker.run(SuiteRunner.java:463)
	at org.testng.internal.thread.ThreadUtil.lambda$execute$0(ThreadUtil.java:64)
	at java.base/java.util.concurrent.FutureTask.run(FutureTask.java:317)
	at java.base/java.util.concurrent.ThreadPoolExecutor.runWorker(ThreadPoolExecutor.java:1144)
	at java.base/java.util.concurrent.ThreadPoolExecutor$Worker.run(ThreadPoolExecutor.java:642)
	at java.base/java.lang.Thread.run(Thread.java:1583)
]]></failure>
  </testcase>
  <testcase name="OpenSiteAndLogin[{password=Ani@bha3108, email=bhatiaanishka3108@gmail.com}](4)" classname="tests.FunctionalTests" time="16.881">
    <failure message="Element &lt;a class=&quot;btnn action__submit ng-star-inserted&quot;&gt; is not clickable at point (1082,375) because another element &lt;div class=&quot;ta-backdrop&quot;&gt; obscures it&#10;Build info: version: &apos;4.40.0&apos;, revision: &apos;b3333f1&apos;&#10;System info: os.name: &apos;Windows 11&apos;, os.arch: &apos;amd64&apos;, os.version: &apos;10.0&apos;, java.version: &apos;21.0.8&apos;&#10;Driver info: org.openqa.selenium.remote.RemoteWebDriver&#10;Command: [51bb4be0-f52f-4b34-bf40-caa6c83f984a, clickElement {id=895c89d7-b427-4648-a3e2-5fc9a8ae32be}]&#10;Capabilities {acceptInsecureCerts: true, browserName: firefox, browserVersion: 155.0.1, container:hostname: 4164935bee61, moz:accessibilityChecks: false, moz:buildID: 20260903215306, moz:firefoxOptions: {args: [-headless, --width=1920, --height=1080], prefs: {remote.active-protocols: 1}}, moz:geckodriverVersion: 0.37.1, moz:headless: true, moz:platformVersion: 6.18.33.2-microsoft-standar..., moz:processID: 1439, moz:profile: /tmp/rust_mozprofileNMMsh4, moz:shutdownTimeout: 60000, moz:webdriverClick: true, moz:windowless: false, pageLoadStrategy: normal, platformName: linux, proxy: Proxy(), se:bidiEnabled: false, se:cdpEnabled: false, se:containerName: 4164935bee61, se:deleteSessionOnUi: true, se:downloadsEnabled: true, se:noVncPort: 7900, se:vnc: ws://172.19.0.3:4444/sessio..., se:vncEnabled: true, se:vncLocalAddress: ws://172.19.0.3:7900, setWindowRect: true, strictFileInteractability: false, timeouts: {implicit: 0, pageLoad: 300000, script: 30000}, unhandledPromptBehavior: dismiss and notify, userAgent: Mozilla/5.0 (X11; Linux x86...}&#10;Element: [[RemoteWebDriver: firefox on linux (51bb4be0-f52f-4b34-bf40-caa6c83f984a)] -&gt; xpath: //a[text()=&apos;Place Order &apos;]]&#10;Session ID: 51bb4be0-f52f-4b34-bf40-caa6c83f984a" type="org.openqa.selenium.ElementClickInterceptedException"><![CDATA[org.openqa.selenium.ElementClickInterceptedException: 
Element <a class="btnn action__submit ng-star-inserted"> is not clickable at point (1082,375) because another element <div class="ta-backdrop"> obscures it
Build info: version: '4.40.0', revision: 'b3333f1'
System info: os.name: 'Windows 11', os.arch: 'amd64', os.version: '10.0', java.version: '21.0.8'
Driver info: org.openqa.selenium.remote.RemoteWebDriver
Command: [51bb4be0-f52f-4b34-bf40-caa6c83f984a, clickElement {id=895c89d7-b427-4648-a3e2-5fc9a8ae32be}]
Capabilities {acceptInsecureCerts: true, browserName: firefox, browserVersion: 155.0.1, container:hostname: 4164935bee61, moz:accessibilityChecks: false, moz:buildID: 20260903215306, moz:firefoxOptions: {args: [-headless, --width=1920, --height=1080], prefs: {remote.active-protocols: 1}}, moz:geckodriverVersion: 0.37.1, moz:headless: true, moz:platformVersion: 6.18.33.2-microsoft-standar..., moz:processID: 1439, moz:profile: /tmp/rust_mozprofileNMMsh4, moz:shutdownTimeout: 60000, moz:webdriverClick: true, moz:windowless: false, pageLoadStrategy: normal, platformName: linux, proxy: Proxy(), se:bidiEnabled: false, se:cdpEnabled: false, se:containerName: 4164935bee61, se:deleteSessionOnUi: true, se:downloadsEnabled: true, se:noVncPort: 7900, se:vnc: ws://172.19.0.3:4444/sessio..., se:vncEnabled: true, se:vncLocalAddress: ws://172.19.0.3:7900, setWindowRect: true, strictFileInteractability: false, timeouts: {implicit: 0, pageLoad: 300000, script: 30000}, unhandledPromptBehavior: dismiss and notify, userAgent: Mozilla/5.0 (X11; Linux x86...}
Element: [[RemoteWebDriver: firefox on linux (51bb4be0-f52f-4b34-bf40-caa6c83f984a)] -> xpath: //a[text()='Place Order ']]
Session ID: 51bb4be0-f52f-4b34-bf40-caa6c83f984a
	at org.openqa.selenium.remote.ErrorCodec.decode(ErrorCodec.java:169)
	at org.openqa.selenium.remote.codec.w3c.W3CHttpResponseCodec.decode(W3CHttpResponseCodec.java:142)
	at org.openqa.selenium.remote.codec.w3c.W3CHttpResponseCodec.decode(W3CHttpResponseCodec.java:49)
	at org.openqa.selenium.remote.HttpCommandExecutor.execute(HttpCommandExecutor.java:223)
	at org.openqa.selenium.remote.TracedCommandExecutor.execute(TracedCommandExecutor.java:53)
	at org.openqa.selenium.remote.RemoteWebDriver.execute(RemoteWebDriver.java:601)
	at org.openqa.selenium.remote.RemoteWebElement.execute(RemoteWebElement.java:223)
	at org.openqa.selenium.remote.RemoteWebElement.click(RemoteWebElement.java:76)
	at java.base/jdk.internal.reflect.DirectMethodHandleAccessor.invoke(DirectMethodHandleAccessor.java:103)
	at java.base/java.lang.reflect.Method.invoke(Method.java:580)
	at org.openqa.selenium.support.pagefactory.internal.LocatingElementHandler.invoke(LocatingElementHandler.java:51)
	at jdk.proxy2/jdk.proxy2.$Proxy14.click(Unknown Source)
	at pageObjects.CheckOutPage.FillDetails(CheckOutPage.java:53)
	at tests.FunctionalTests.OpenSiteAndLogin(FunctionalTests.java:43)
	at java.base/jdk.internal.reflect.DirectMethodHandleAccessor.invoke(DirectMethodHandleAccessor.java:103)
	at java.base/java.lang.reflect.Method.invoke(Method.java:580)
	at org.testng.internal.invokers.MethodInvocationHelper.invokeMethod(MethodInvocationHelper.java:141)
	at org.testng.internal.invokers.TestInvoker.invokeMethod(TestInvoker.java:687)
	at org.testng.internal.invokers.TestInvoker.retryFailed(TestInvoker.java:269)
	at org.testng.internal.invokers.MethodRunner.runInSequence(MethodRunner.java:76)
	at org.testng.internal.invokers.TestInvoker$MethodInvocationAgent.invoke(TestInvoker.java:995)
	at org.testng.internal.invokers.TestInvoker.invokeTestMethods(TestInvoker.java:203)
	at org.testng.internal.invokers.TestMethodWorker.invokeTestMethods(TestMethodWorker.java:154)
	at org.testng.internal.invokers.TestMethodWorker.run(TestMethodWorker.java:134)
	at java.base/java.util.ArrayList.forEach(ArrayList.java:1596)
	at org.testng.TestRunner.privateRun(TestRunner.java:741)
	at org.testng.TestRunner.run(TestRunner.java:616)
	at org.testng.SuiteRunner.runTest(SuiteRunner.java:421)
	at org.testng.SuiteRunner$SuiteWorker.run(SuiteRunner.java:463)
	at org.testng.internal.thread.ThreadUtil.lambda$execute$0(ThreadUtil.java:64)
	at java.base/java.util.concurrent.FutureTask.run(FutureTask.java:317)
	at java.base/java.util.concurrent.ThreadPoolExecutor.runWorker(ThreadPoolExecutor.java:1144)
	at java.base/java.util.concurrent.ThreadPoolExecutor$Worker.run(ThreadPoolExecutor.java:642)
	at java.base/java.lang.Thread.run(Thread.java:1583)
]]></failure>
    <system-out><![CDATA[ADIDAS ORIGINAL
$ 11500
View
Add To Cart
ZARA COAT 3
$ 11500
View
Add To Cart
]]></system-out>
  </testcase>
  <testcase name="OpenSiteAndLogin[{password=Ani@bha3108, email=bhatiaanishka3108@gmail.com}](4)" classname="tests.FunctionalTests" time="11.197">
    <failure message="element click intercepted: Element is not clickable at point (615, 490)&#10;  (Session info: chrome=152.0.7977.82)&#10;Build info: version: &apos;4.40.0&apos;, revision: &apos;b3333f1&apos;&#10;System info: os.name: &apos;Windows 11&apos;, os.arch: &apos;amd64&apos;, os.version: &apos;10.0&apos;, java.version: &apos;21.0.8&apos;&#10;Driver info: org.openqa.selenium.remote.RemoteWebDriver&#10;Command: [32e01edb51baccf31e3c86ec0abf2e2a, clickElement {id=f.A86FE2E14FD6D71312B5885966F4F9DB.d.2D84A5ADF59FE7A51A6A18E60159D9AB.e.236}]&#10;Capabilities {acceptInsecureCerts: false, browserName: chrome, browserVersion: 152.0.7977.82, chrome: {chromedriverVersion: 152.0.7977.82 (d04cdb24d67b..., userDataDir: /tmp/org.chromium.Chromium....}, fedcm:accounts: true, goog:chromeOptions: {debuggerAddress: localhost:34895}, goog:processID: 1077, networkConnectionEnabled: false, pageLoadStrategy: normal, platformName: linux, proxy: Proxy(), se:bidiEnabled: false, se:cdp: ws://172.19.0.5:4444/sessio..., se:cdpVersion: 152.0.7977.82, se:containerName: 6283ff189d29, se:deleteSessionOnUi: true, se:downloadsEnabled: true, se:noVncPort: 7900, se:vnc: ws://172.19.0.5:4444/sessio..., se:vncEnabled: true, se:vncLocalAddress: ws://172.19.0.5:7900, setWindowRect: true, strictFileInteractability: false, timeouts: {implicit: 0, pageLoad: 300000, script: 30000}, unhandledPromptBehavior: dismiss and notify, webauthn:extension:credBlob: true, webauthn:extension:largeBlob: true, webauthn:extension:minPinLength: true, webauthn:extension:prf: true, webauthn:virtualAuthenticators: true}&#10;Element: [[RemoteWebDriver: chrome on linux (32e01edb51baccf31e3c86ec0abf2e2a)] -&gt; xpath: //button[text()=&apos;Checkout&apos;]]&#10;Session ID: 32e01edb51baccf31e3c86ec0abf2e2a" type="org.openqa.selenium.ElementClickInterceptedException"><![CDATA[org.openqa.selenium.ElementClickInterceptedException: 
element click intercepted: Element is not clickable at point (615, 490)
  (Session info: chrome=152.0.7977.82)
Build info: version: '4.40.0', revision: 'b3333f1'
System info: os.name: 'Windows 11', os.arch: 'amd64', os.version: '10.0', java.version: '21.0.8'
Driver info: org.openqa.selenium.remote.RemoteWebDriver
Command: [32e01edb51baccf31e3c86ec0abf2e2a, clickElement {id=f.A86FE2E14FD6D71312B5885966F4F9DB.d.2D84A5ADF59FE7A51A6A18E60159D9AB.e.236}]
Capabilities {acceptInsecureCerts: false, browserName: chrome, browserVersion: 152.0.7977.82, chrome: {chromedriverVersion: 152.0.7977.82 (d04cdb24d67b..., userDataDir: /tmp/org.chromium.Chromium....}, fedcm:accounts: true, goog:chromeOptions: {debuggerAddress: localhost:34895}, goog:processID: 1077, networkConnectionEnabled: false, pageLoadStrategy: normal, platformName: linux, proxy: Proxy(), se:bidiEnabled: false, se:cdp: ws://172.19.0.5:4444/sessio..., se:cdpVersion: 152.0.7977.82, se:containerName: 6283ff189d29, se:deleteSessionOnUi: true, se:downloadsEnabled: true, se:noVncPort: 7900, se:vnc: ws://172.19.0.5:4444/sessio..., se:vncEnabled: true, se:vncLocalAddress: ws://172.19.0.5:7900, setWindowRect: true, strictFileInteractability: false, timeouts: {implicit: 0, pageLoad: 300000, script: 30000}, unhandledPromptBehavior: dismiss and notify, webauthn:extension:credBlob: true, webauthn:extension:largeBlob: true, webauthn:extension:minPinLength: true, webauthn:extension:prf: true, webauthn:virtualAuthenticators: true}
Element: [[RemoteWebDriver: chrome on linux (32e01edb51baccf31e3c86ec0abf2e2a)] -> xpath: //button[text()='Checkout']]
Session ID: 32e01edb51baccf31e3c86ec0abf2e2a
	at org.openqa.selenium.remote.ErrorCodec.decode(ErrorCodec.java:169)
	at org.openqa.selenium.remote.codec.w3c.W3CHttpResponseCodec.decode(W3CHttpResponseCodec.java:142)
	at org.openqa.selenium.remote.codec.w3c.W3CHttpResponseCodec.decode(W3CHttpResponseCodec.java:49)
	at org.openqa.selenium.remote.HttpCommandExecutor.execute(HttpCommandExecutor.java:223)
	at org.openqa.selenium.remote.TracedCommandExecutor.execute(TracedCommandExecutor.java:53)
	at org.openqa.selenium.remote.RemoteWebDriver.execute(RemoteWebDriver.java:601)
	at org.openqa.selenium.remote.RemoteWebElement.execute(RemoteWebElement.java:223)
	at org.openqa.selenium.remote.RemoteWebElement.click(RemoteWebElement.java:76)
	at java.base/jdk.internal.reflect.DirectMethodHandleAccessor.invoke(DirectMethodHandleAccessor.java:103)
	at java.base/java.lang.reflect.Method.invoke(Method.java:580)
	at org.openqa.selenium.support.pagefactory.internal.LocatingElementHandler.invoke(LocatingElementHandler.java:51)
	at jdk.proxy2/jdk.proxy2.$Proxy14.click(Unknown Source)
	at pageObjects.CartPage.ProceedToCheckout(CartPage.java:62)
	at tests.FunctionalTests.OpenSiteAndLogin(FunctionalTests.java:40)
	at java.base/jdk.internal.reflect.DirectMethodHandleAccessor.invoke(DirectMethodHandleAccessor.java:103)
	at java.base/java.lang.reflect.Method.invoke(Method.java:580)
	at org.testng.internal.invokers.MethodInvocationHelper.invokeMethod(MethodInvocationHelper.java:141)
	at org.testng.internal.invokers.TestInvoker.invokeMethod(TestInvoker.java:687)
	at org.testng.internal.invokers.TestInvoker.retryFailed(TestInvoker.java:269)
	at org.testng.internal.invokers.MethodRunner.runInSequence(MethodRunner.java:76)
	at org.testng.internal.invokers.TestInvoker$MethodInvocationAgent.invoke(TestInvoker.java:995)
	at org.testng.internal.invokers.TestInvoker.invokeTestMethods(TestInvoker.java:203)
	at org.testng.internal.invokers.TestMethodWorker.invokeTestMethods(TestMethodWorker.java:154)
	at org.testng.internal.invokers.TestMethodWorker.run(TestMethodWorker.java:134)
	at java.base/java.util.ArrayList.forEach(ArrayList.java:1596)
	at org.testng.TestRunner.privateRun(TestRunner.java:741)
	at org.testng.TestRunner.run(TestRunner.java:616)
	at org.testng.SuiteRunner.runTest(SuiteRunner.java:421)
	at org.testng.SuiteRunner$SuiteWorker.run(SuiteRunner.java:463)
	at org.testng.internal.thread.ThreadUtil.lambda$execute$0(ThreadUtil.java:64)
	at java.base/java.util.concurrent.FutureTask.run(FutureTask.java:317)
	at java.base/java.util.concurrent.ThreadPoolExecutor.runWorker(ThreadPoolExecutor.java:1144)
	at java.base/java.util.concurrent.ThreadPoolExecutor$Worker.run(ThreadPoolExecutor.java:642)
	at java.base/java.lang.Thread.run(Thread.java:1583)
]]></failure>
  </testcase>
  <testcase name="VerifyOrderHistory" classname="tests.FunctionalTests" time="0.0">
    <skipped message="Method tests.FunctionalTests.VerifyOrderHistory() on instance tests.FunctionalTests@1f9f6368 depends on not successfully finished methods &#10;[tests.FunctionalTests.OpenSiteAndLogin() on instance tests.FunctionalTests@1f9f6368]"/>
  </testcase>
  <testcase name="VerifyOrderHistory" classname="tests.FunctionalTests" time="0.0">
    <skipped message="Method tests.FunctionalTests.VerifyOrderHistory() on instance tests.FunctionalTests@45385f75 depends on not successfully finished methods &#10;[tests.FunctionalTests.OpenSiteAndLogin() on instance tests.FunctionalTests@45385f75]"/>
  </testcase>
  <testcase name="VerifyOrderHistory" classname="tests.FunctionalTests" time="0.0">
    <skipped message="Method tests.FunctionalTests.VerifyOrderHistory() on instance tests.FunctionalTests@7a5ceedd depends on not successfully finished methods &#10;[tests.FunctionalTests.OpenSiteAndLogin() on instance tests.FunctionalTests@7a5ceedd]"/>
  </testcase>
  <testcase name="InvalidLogin[{password=Moh@bha1702, email=avina@gmail.com}](1)" classname="tests.ErrorValidation" time="2.631">
    <system-out><![CDATA[Incorrect email or password.
]]></system-out>
  </testcase>
  <testcase name="InvalidLogin[{password=Moh@bha1702, email=avina@gmail.com}](1)" classname="tests.ErrorValidation" time="4.916">
    <system-out><![CDATA[Incorrect email or password.
]]></system-out>
  </testcase>
  <testcase name="InvalidLogin[{password=Moh@bha1702, email=avina@gmail.com}](1)" classname="tests.ErrorValidation" time="1.524">
    <system-out><![CDATA[Incorrect email or password.
]]></system-out>
  </testcase>
  <testcase name="InvalidLogin[{password=4408@100Mb, email=anishka3108@gmail.com}](2)" classname="tests.ErrorValidation" time="1.543">
    <system-out><![CDATA[Incorrect email or password.
]]></system-out>
  </testcase>
  <testcase name="InvalidLogin[{password=4408@100Mb, email=anishka3108@gmail.com}](2)" classname="tests.ErrorValidation" time="3.611">
    <system-out><![CDATA[Incorrect email or password.
]]></system-out>
  </testcase>
  <testcase name="InvalidLogin[{password=4408@100Mb, email=anishka3108@gmail.com}](2)" classname="tests.ErrorValidation" time="1.559">
    <system-out><![CDATA[Incorrect email or password.
]]></system-out>
  </testcase>
  <testcase name="ProductsCheck[{password=2204@50Mb, email=bhatiamohak1702@gmail.com}](1)" classname="tests.ErrorValidation" time="0.0">
    <skipped message="element click intercepted: Element is not clickable at point (425, -61)&#10;  (Session info: MicrosoftEdge=152.0.4191.66)&#10;Build info: version: &apos;4.40.0&apos;, revision: &apos;b3333f1&apos;&#10;System info: os.name: &apos;Windows 11&apos;, os.arch: &apos;amd64&apos;, os.version: &apos;10.0&apos;, java.version: &apos;21.0.8&apos;&#10;Driver info: org.openqa.selenium.remote.RemoteWebDriver&#10;Command: [79a95ee4fb54435a13281a96fc7e558c, clickElement {id=f.67D233B9CD36096102B89218020EB97E.d.B4D69F47FD90480BD60D37524D8BB29D.e.94}]&#10;Capabilities {acceptInsecureCerts: false, browserName: MicrosoftEdge, browserVersion: 152.0.4191.66, fedcm:accounts: true, goog:processID: 2044, ms:edgeOptions: {debuggerAddress: localhost:43577}, msedge: {msedgedriverVersion: 152.0.4191.66 (cc2931e6363a..., userDataDir: /tmp/com.microsoft.Edge.sco...}, networkConnectionEnabled: false, pageLoadStrategy: normal, platformName: linux, proxy: Proxy(), se:bidiEnabled: false, se:cdp: ws://172.19.0.4:4444/sessio..., se:cdpVersion: 152.0.4191.66, se:containerName: 7b70b33f98c6, se:deleteSessionOnUi: true, se:downloadsEnabled: true, se:noVncPort: 7900, se:vnc: ws://172.19.0.4:4444/sessio..., se:vncEnabled: true, se:vncLocalAddress: ws://172.19.0.4:7900, setWindowRect: true, strictFileInteractability: false, timeouts: {implicit: 0, pageLoad: 300000, script: 30000}, unhandledPromptBehavior: dismiss and notify, webauthn:extension:credBlob: true, webauthn:extension:largeBlob: true, webauthn:extension:minPinLength: true, webauthn:extension:prf: true, webauthn:virtualAuthenticators: true}&#10;Element: [[[[RemoteWebDriver: MicrosoftEdge on linux (79a95ee4fb54435a13281a96fc7e558c)] -&gt; xpath: //div[@class=&apos;card-body&apos;]]] -&gt; xpath: button[2]]&#10;Session ID: 79a95ee4fb54435a13281a96fc7e558c"/>
    <system-out><![CDATA[ADIDAS ORIGINAL
$ 11500
View
Add To Cart
ZARA COAT 3
$ 11500
View
Add To Cart
ADIDAS ORIGINAL
$ 11500
View
Add To Cart
]]></system-out>
  </testcase>
  <testcase name="ProductsCheck[{password=2204@50Mb, email=bhatiamohak1702@gmail.com}](1)" classname="tests.ErrorValidation" time="3.25">
    <system-out><![CDATA[ADIDAS ORIGINAL
$ 11500
View
Add To Cart
ZARA COAT 3
$ 11500
View
Add To Cart
ADIDAS ORIGINAL
$ 11500
View
Add To Cart
]]></system-out>
  </testcase>
  <testcase name="ProductsCheck[{password=2204@50Mb, email=bhatiamohak1702@gmail.com}](1)" classname="tests.ErrorValidation" time="11.701">
    <system-out><![CDATA[ADIDAS ORIGINAL
$ 11500
View
Add To Cart
ZARA COAT 3
$ 11500
View
Add To Cart
]]></system-out>
  </testcase>
  <testcase name="ProductsCheck[{password=2204@50Mb, email=bhatiamohak1702@gmail.com}](2)" classname="tests.ErrorValidation" time="12.947">
    <system-out><![CDATA[ADIDAS ORIGINAL
$ 11500
View
Add To Cart
ZARA COAT 3
$ 11500
View
Add To Cart
]]></system-out>
  </testcase>
  <testcase name="ProductsCheck[{password=Ani@bha3108, email=bhatiaanishka3108@gmail.com}](3)" classname="tests.ErrorValidation" time="13.984">
    <system-out><![CDATA[ZARA COAT 3
$ 11500
View
Add To Cart
]]></system-out>
  </testcase>
  <testcase name="ProductsCheck[{password=Ani@bha3108, email=bhatiaanishka3108@gmail.com}](2)" classname="tests.ErrorValidation" time="9.728">
    <system-out><![CDATA[ADIDAS ORIGINAL
$ 11500
View
Add To Cart
ZARA COAT 3
$ 11500
View
Add To Cart
]]></system-out>
  </testcase>
  <testcase name="ProductsCheck[{password=Ani@bha3108, email=bhatiaanishka3108@gmail.com}](2)" classname="tests.ErrorValidation" time="9.441">
    <system-out><![CDATA[ADIDAS ORIGINAL
$ 11500
View
Add To Cart
ZARA COAT 3
$ 11500
View
Add To Cart
]]></system-out>
  </testcase>
</testsuite>