<?xml version="1.0" encoding="UTF-8"?>
<!-- Generated by org.testng.reporters.JUnitReportReporter -->
<testsuite hostname="DESKTOP-3J9G4CH" failures="0" tests="5" name="tests.ErrorValidation" time="58.611" errors="0" timestamp="2026-06-09T22:24:43 IST" skipped="1">
  <testcase classname="tests.ErrorValidation" name="InvalidLogin" time="16.172"/>
  <testcase classname="tests.ErrorValidation" name="InvalidLogin" time="9.341"/>
  <testcase classname="tests.ErrorValidation" name="ProductsCheck" time="10.042"/>
  <testcase classname="tests.ErrorValidation" name="ProductsCheck" time="11.271"/>
  <testcase classname="tests.ErrorValidation" name="ProductsCheck" time="11.785">
    <skipped/>
  </testcase> <!-- ProductsCheck -->
</testsuite> <!-- tests.ErrorValidation -->
