<?xml version="1.0" encoding="UTF-8"?>
<!-- Generated by org.testng.reporters.JUnitReportReporter -->
<testsuite hostname="DESKTOP-3J9G4CH" failures="0" tests="6" name="tests.ErrorValidation" time="58.504" errors="0" timestamp="2026-06-10T01:43:19 IST" skipped="2">
  <testcase classname="tests.ErrorValidation" name="ProductsCheck" time="9.198">
    <skipped/>
  </testcase> <!-- ProductsCheck -->
  <testcase classname="tests.ErrorValidation" name="ProductsCheck" time="14.000"/>
  <testcase classname="tests.ErrorValidation" name="ProductsCheck" time="9.715"/>
  <testcase classname="tests.ErrorValidation" name="InvalidLogin" time="9.482"/>
  <testcase classname="tests.ErrorValidation" name="ProductsCheck" time="7.869">
    <skipped/>
  </testcase> <!-- ProductsCheck -->
  <testcase classname="tests.ErrorValidation" name="InvalidLogin" time="8.240"/>
</testsuite> <!-- tests.ErrorValidation -->
